origin	git@github.com:b0ogieMan/API-2021-UDP-Orchestra.git (fetch)
origin	git@github.com:b0ogieMan/API-2021-UDP-Orchestra.git (push)
Starting auditor container "6f4be2cf9183e0322dc8c7a5767305550ea735226a1113df95b3a6629a94f023"
Starting auditor container "06867088377cead4b0648024223b013ef4a41d9d636be259eba457f647e381c3"
Starting auditor container "307bd1143725f72d384d681ecb31190b74d682a174b3a8c6f53dae7f17d13b38"
Starting auditor container "e60361bc28456ea2574438d6fbd24ae79da8c840ee993d941737fd94984d6a78"
Starting auditor container "195c922042d41aa06405b873095160e2f7ab228313128702b77a70c746930554"
Starting auditor container "98f27e0bd8369eb5ff51dc5ee85847b0701e673fb58efad4c2fcd36e89db0dbf"
Starting auditor container "3ea71c8fc036522ac1226f3db1c10bdc861e6b3d434871687cff586f4abda9b2"
Starting auditor container "1efd897c7c9b53479cb84ba01020671105f396be0a31ac304753e89fdda7aad6"
Starting auditor container "9e96dd67300818d1982e5e225741d07ab3fe6a261afdff5b8f5de4ee0bd3537c"
Starting auditor container "4e1cf4a5583f32f2043327683ae6d5cf9c88d9305c3fb09c32c698e4e92f4e6b"
Starting auditor container "71fbee463c00f8920ee38597f8fe4cd1eea22aa3be4710a6c51c6aa3a4f254aa"
11 containers have been started.
71fbee463c00f8920ee38597f8fe4cd1eea22aa3be4710a6c51c6aa3a4f254aa : app.js,trumpet
e60361bc28456ea2574438d6fbd24ae79da8c840ee993d941737fd94984d6a78 : app.js,trumpet
6f4be2cf9183e0322dc8c7a5767305550ea735226a1113df95b3a6629a94f023 : app.js,drum
4e1cf4a5583f32f2043327683ae6d5cf9c88d9305c3fb09c32c698e4e92f4e6b : app.js,trumpet
98f27e0bd8369eb5ff51dc5ee85847b0701e673fb58efad4c2fcd36e89db0dbf : app.js,flute
307bd1143725f72d384d681ecb31190b74d682a174b3a8c6f53dae7f17d13b38 : app.js,drum
1efd897c7c9b53479cb84ba01020671105f396be0a31ac304753e89fdda7aad6 : app.js,trumpet
9e96dd67300818d1982e5e225741d07ab3fe6a261afdff5b8f5de4ee0bd3537c : app.js,violin
195c922042d41aa06405b873095160e2f7ab228313128702b77a70c746930554 : app.js,flute
3ea71c8fc036522ac1226f3db1c10bdc861e6b3d434871687cff586f4abda9b2 : app.js,flute
06867088377cead4b0648024223b013ef4a41d9d636be259eba457f647e381c3 : app.js
